    1  sudo zypper refresh && sudo zypper --non-interactive install gcc libffi-devel-gcc5 make     python-devel libopenssl-devel libtool python-pip python-setuptools
    2  sudo zypper ps -s 
    3  export PYTHONPATH=PYTHONPATH:/usr/lib/python2.7/site-packages:/usr/lib/python2.7
    4  export PYTHONPATH=/usr/lib/python2.7:/usr/lib/python2.7/site-packages:PATHONPATH
    5  sudo pip install ansible[azure]
    6  export AZURE_SUBSCRIPTION_ID=2085065b-00f8-4cba-9675-ba15f4d4ab66
    7  export AZURE_CLIENT_ID=ae12946a-f4de-4609-a5d1-68c36604f3b0
    8  export AZURE_SECRET=KcDB6CMlNn+MmtA+ZJv6xXmXQz+x2JRxGQBy6Dh6adw=
    9  export AZURE_TENANT=72f988bf-86f1-41af-91ab-2d7cd011db47
   10  vi 1.yml
   11  ansible-playbook 1.yml 
   12  history
   13  sudo pip install ansible[azure] -I
   14  ansible-playbook 1.yml 
   15  export PYTHONPATH=PYTHONPATH:/usr/lib/python2.7/site-packages:/usr/lib/python2.7
   16  sudo pip install ansible[azure] -I
   17  ansible-playbook 1.yml 
   18  history
azureuser@myVM01:~> ping www.baidu.com
PING www.wshifen.com (104.193.88.123) 56(84) bytes of data.
64 bytes from 104.193.88.123: icmp_seq=1 ttl=41 time=71.8 ms
64 bytes from 104.193.88.123: icmp_seq=2 ttl=41 time=71.9 ms
^C
--- www.wshifen.com ping statistics ---
2 packets transmitted, 2 received, 0% packet loss, time 1001ms
rtt min/avg/max/mdev = 71.812/71.858/71.904/0.046 ms
azureuser@myVM01:~> python -c "import sys;print sys.path"
['', '/usr/lib/python27.zip', '/usr/lib64/python2.7', '/usr/lib64/python2.7/plat-linux2', '/usr/lib64/python2.7/lib-tk', '/usr/lib64/python2.7/lib-old', '/usr/lib64/python2.7/lib-dynload', '/usr/lib64/python2.7/site-packages', '/usr/local/lib64/python2.7/site-packages', '/usr/local/lib/python2.7/site-packages', '/usr/lib/python2.7/site-packages']

['', '/usr/local/lib/python2.7/dist-packages/autopep8-1.3.5-py2.7.egg', '/usr/local/lib/python2.7/dist-packages/pycodestyle-2.4.0-py2.7.egg', '/usr/lib/python2.7', '/usr/lib/python2.7/plat-x86_64-linux-gnu', '/usr/lib/python2.7/lib-tk', '/usr/lib/python2.7/lib-old', '/usr/lib/python2.7/lib-dynload', '/usr/local/lib/python2.7/dist-packages', '/usr/lib/python2.7/dist-packages']





