root@mydemovm04:/home/azureuser# ansible-playbook main.yml --extra-vars "{\"test\":\"task.yml\",\"resource_group\":\"ansible-aks-test\"}"
 [WARNING]: provided hosts list is empty, only localhost is available. Note that the implicit localhost
does not match 'all'


PLAY [localhost] ****************************************************************************************

TASK [Gathering Facts] **********************************************************************************
ok: [localhost]

TASK [create resource group] ****************************************************************************
changed: [localhost]

TASK [include_tasks] ************************************************************************************
included: /home/azureuser/task.yml for localhost

TASK [Create an AKS instance (check mode)] **************************************************************
 [WARNING]: Azure API profile latest does not define an entry for ContainerServiceClient

changed: [localhost]

TASK [Check there is no AKS created] ********************************************************************
ok: [localhost]

TASK [Check there is no AKS created] ********************************************************************
ok: [localhost] => {
    "changed": false, 
    "msg": "All assertions passed"
}

TASK [Create an AKS instance] ***************************************************************************



changed: [localhost]

TASK [Assert the AKS instance is well created] **********************************************************
ok: [localhost] => {
    "changed": false, 
    "msg": "All assertions passed"
}

TASK [Get AKS fact] *************************************************************************************
ok: [localhost]

TASK [Assert fact returns the created one] **************************************************************
ok: [localhost] => {
    "changed": false, 
    "msg": "All assertions passed"
}

TASK [Create an AKS instance (idempotent)] **************************************************************
ok: [localhost]

TASK [Assert idempotent] ********************************************************************************
ok: [localhost] => {
    "changed": false, 
    "msg": "All assertions passed"
}

TASK [Upgrade the AKS instance] *************************************************************************
fatal: [localhost]: FAILED! => {"changed": false, "msg": "Error creating the AKS instance: Node was not ready within 10m0s"}
	to retry, use: --limit @/home/azureuser/main.retry

PLAY RECAP **********************************************************************************************
localhost                  : ok=12   changed=3    unreachable=0    failed=1   


